2023-01-18 09:58:08.935  INFO 46049 --- [main] kr.co.ch10.dao.User1DAOTest              : Starting User1DAOTest using Java 11.0.16 on iwonjeong-ui-MacBookPro.local with PID 46049 (started by iilhwan in /Users/iilhwan/Desktop/Workspace/SpringBoot/Ch10)
2023-01-18 09:58:08.956  INFO 46049 --- [main] kr.co.ch10.dao.User1DAOTest              : No active profile set, falling back to 1 default profile: "default"
2023-01-18 09:58:10.014  INFO 46049 --- [main] .s.d.r.c.RepositoryConfigurationDelegate : Bootstrapping Spring Data JPA repositories in DEFAULT mode.
2023-01-18 09:58:10.040  INFO 46049 --- [main] .s.d.r.c.RepositoryConfigurationDelegate : Finished Spring Data repository scanning in 10 ms. Found 0 JPA repository interfaces.
2023-01-18 09:58:10.969  INFO 46049 --- [main] o.hibernate.jpa.internal.util.LogHelper  : HHH000204: Processing PersistenceUnitInfo [name: default]
2023-01-18 09:58:11.056  INFO 46049 --- [main] org.hibernate.Version                    : HHH000412: Hibernate ORM core version 5.6.14.Final
2023-01-18 09:58:11.313  INFO 46049 --- [main] o.hibernate.annotations.common.Version   : HCANN000001: Hibernate Commons Annotations {5.1.2.Final}
2023-01-18 09:58:11.488  INFO 46049 --- [main] com.zaxxer.hikari.HikariDataSource       : HikariPool-1 - Starting...
2023-01-18 09:58:12.168  INFO 46049 --- [main] com.zaxxer.hikari.HikariDataSource       : HikariPool-1 - Start completed.
2023-01-18 09:58:12.195  INFO 46049 --- [main] org.hibernate.dialect.Dialect            : HHH000400: Using dialect: org.hibernate.dialect.MySQL57Dialect
2023-01-18 09:58:12.678  INFO 46049 --- [main] o.h.e.t.j.p.i.JtaPlatformInitiator       : HHH000490: Using JtaPlatform implementation: [org.hibernate.engine.transaction.jta.platform.internal.NoJtaPlatform]
2023-01-18 09:58:12.695  INFO 46049 --- [main] j.LocalContainerEntityManagerFactoryBean : Initialized JPA EntityManagerFactory for persistence unit 'default'
2023-01-18 09:58:13.024  WARN 46049 --- [main] JpaBaseConfiguration$JpaWebConfiguration : spring.jpa.open-in-view is enabled by default. Therefore, database queries may be performed during view rendering. Explicitly configure spring.jpa.open-in-view to disable this warning
2023-01-18 09:58:13.404  INFO 46049 --- [main] o.s.b.a.w.s.WelcomePageHandlerMapping    : Adding welcome page template: index
2023-01-18 09:58:14.370  INFO 46049 --- [main] kr.co.ch10.dao.User1DAOTest              : Started User1DAOTest in 6.432 seconds (JVM running for 8.61)
2023-01-18 09:58:14.906  INFO 46049 --- [main] kr.co.ch10.dao.User1DAOTest              : User1VO(uid=j103, pass=1234, name=이순신, hp=010-1234-1003, age=43)
2023-01-18 09:58:14.943  INFO 46049 --- [main] .b.t.c.SpringBootTestContextBootstrapper : Neither @ContextConfiguration nor @ContextHierarchy found for test class [kr.co.ch10.Ch10ApplicationTests], using SpringBootContextLoader
2023-01-18 09:58:14.945  INFO 46049 --- [main] o.s.t.c.support.AbstractContextLoader    : Could not detect default resource locations for test class [kr.co.ch10.Ch10ApplicationTests]: no resource found for suffixes {-context.xml, Context.groovy}.
2023-01-18 09:58:14.948  INFO 46049 --- [main] t.c.s.AnnotationConfigContextLoaderUtils : Could not detect default configuration classes for test class [kr.co.ch10.Ch10ApplicationTests]: Ch10ApplicationTests does not declare any static, non-private, non-final, nested classes annotated with @Configuration.
2023-01-18 09:58:14.960  INFO 46049 --- [main] .b.t.c.SpringBootTestContextBootstrapper : Found @SpringBootConfiguration kr.co.ch10.Ch10Application for test class kr.co.ch10.Ch10ApplicationTests
2023-01-18 09:58:14.963  INFO 46049 --- [main] .b.t.c.SpringBootTestContextBootstrapper : Loaded default TestExecutionListener class names from location [META-INF/spring.factories]: [org.springframework.boot.test.mock.mockito.MockitoTestExecutionListener, org.springframework.boot.test.mock.mockito.ResetMocksTestExecutionListener, org.springframework.boot.test.autoconfigure.restdocs.RestDocsTestExecutionListener, org.springframework.boot.test.autoconfigure.web.client.MockRestServiceServerResetTestExecutionListener, org.springframework.boot.test.autoconfigure.web.servlet.MockMvcPrintOnlyOnFailureTestExecutionListener, org.springframework.boot.test.autoconfigure.web.servlet.WebDriverTestExecutionListener, org.springframework.boot.test.autoconfigure.webservices.client.MockWebServiceServerTestExecutionListener, org.springframework.test.context.web.ServletTestExecutionListener, org.springframework.test.context.support.DirtiesContextBeforeModesTestExecutionListener, org.springframework.test.context.event.ApplicationEventsTestExecutionListener, org.springframework.test.context.support.DependencyInjectionTestExecutionListener, org.springframework.test.context.support.DirtiesContextTestExecutionListener, org.springframework.test.context.transaction.TransactionalTestExecutionListener, org.springframework.test.context.jdbc.SqlScriptsTestExecutionListener, org.springframework.test.context.event.EventPublishingTestExecutionListener]
2023-01-18 09:58:14.964  INFO 46049 --- [main] .b.t.c.SpringBootTestContextBootstrapper : Using TestExecutionListeners: [org.springframework.test.context.web.ServletTestExecutionListener@430f0c63, org.springframework.test.context.support.DirtiesContextBeforeModesTestExecutionListener@25a52a60, org.springframework.test.context.event.ApplicationEventsTestExecutionListener@15549dd7, org.springframework.boot.test.mock.mockito.MockitoTestExecutionListener@1e75af65, org.springframework.boot.test.autoconfigure.SpringBootDependencyInjectionTestExecutionListener@25a2c4dc, org.springframework.test.context.support.DirtiesContextTestExecutionListener@29d81c22, org.springframework.test.context.transaction.TransactionalTestExecutionListener@18d396eb, org.springframework.test.context.jdbc.SqlScriptsTestExecutionListener@2bee1c13, org.springframework.test.context.event.EventPublishingTestExecutionListener@1859b996, org.springframework.boot.test.mock.mockito.ResetMocksTestExecutionListener@71098fb3, org.springframework.boot.test.autoconfigure.restdocs.RestDocsTestExecutionListener@75e92bb7, org.springframework.boot.test.autoconfigure.web.client.MockRestServiceServerResetTestExecutionListener@2ebcbf9d, org.springframework.boot.test.autoconfigure.web.servlet.MockMvcPrintOnlyOnFailureTestExecutionListener@7bfc36d5, org.springframework.boot.test.autoconfigure.web.servlet.WebDriverTestExecutionListener@46b55a0e, org.springframework.boot.test.autoconfigure.webservices.client.MockWebServiceServerTestExecutionListener@7abd75fc]
2023-01-18 09:58:15.008  INFO 46049 --- [main] .b.t.a.w.s.WebMvcTestContextBootstrapper : Neither @ContextConfiguration nor @ContextHierarchy found for test class [kr.co.ch10.controller.MainControllerTest], using SpringBootContextLoader
2023-01-18 09:58:15.011  INFO 46049 --- [main] o.s.t.c.support.AbstractContextLoader    : Could not detect default resource locations for test class [kr.co.ch10.controller.MainControllerTest]: no resource found for suffixes {-context.xml, Context.groovy}.
2023-01-18 09:58:15.012  INFO 46049 --- [main] t.c.s.AnnotationConfigContextLoaderUtils : Could not detect default configuration classes for test class [kr.co.ch10.controller.MainControllerTest]: MainControllerTest does not declare any static, non-private, non-final, nested classes annotated with @Configuration.
2023-01-18 09:58:15.054  INFO 46049 --- [main] .b.t.c.SpringBootTestContextBootstrapper : Found @SpringBootConfiguration kr.co.ch10.Ch10Application for test class kr.co.ch10.controller.MainControllerTest
2023-01-18 09:58:15.057  INFO 46049 --- [main] .b.t.a.w.s.WebMvcTestContextBootstrapper : Loaded default TestExecutionListener class names from location [META-INF/spring.factories]: [org.springframework.boot.test.mock.mockito.MockitoTestExecutionListener, org.springframework.boot.test.mock.mockito.ResetMocksTestExecutionListener, org.springframework.boot.test.autoconfigure.restdocs.RestDocsTestExecutionListener, org.springframework.boot.test.autoconfigure.web.client.MockRestServiceServerResetTestExecutionListener, org.springframework.boot.test.autoconfigure.web.servlet.MockMvcPrintOnlyOnFailureTestExecutionListener, org.springframework.boot.test.autoconfigure.web.servlet.WebDriverTestExecutionListener, org.springframework.boot.test.autoconfigure.webservices.client.MockWebServiceServerTestExecutionListener, org.springframework.test.context.web.ServletTestExecutionListener, org.springframework.test.context.support.DirtiesContextBeforeModesTestExecutionListener, org.springframework.test.context.event.ApplicationEventsTestExecutionListener, org.springframework.test.context.support.DependencyInjectionTestExecutionListener, org.springframework.test.context.support.DirtiesContextTestExecutionListener, org.springframework.test.context.transaction.TransactionalTestExecutionListener, org.springframework.test.context.jdbc.SqlScriptsTestExecutionListener, org.springframework.test.context.event.EventPublishingTestExecutionListener]
2023-01-18 09:58:15.059  INFO 46049 --- [main] .b.t.a.w.s.WebMvcTestContextBootstrapper : Using TestExecutionListeners: [org.springframework.test.context.web.ServletTestExecutionListener@642f8b7f, org.springframework.test.context.support.DirtiesContextBeforeModesTestExecutionListener@3321fb65, org.springframework.test.context.event.ApplicationEventsTestExecutionListener@7272914b, org.springframework.boot.test.mock.mockito.MockitoTestExecutionListener@663f24e6, org.springframework.boot.test.autoconfigure.SpringBootDependencyInjectionTestExecutionListener@7e532f2d, org.springframework.test.context.support.DirtiesContextTestExecutionListener@42150951, org.springframework.test.context.transaction.TransactionalTestExecutionListener@248b2091, org.springframework.test.context.jdbc.SqlScriptsTestExecutionListener@3b0c38f2, org.springframework.test.context.event.EventPublishingTestExecutionListener@5cc152f9, org.springframework.boot.test.mock.mockito.ResetMocksTestExecutionListener@36f497b1, org.springframework.boot.test.autoconfigure.restdocs.RestDocsTestExecutionListener@4b86a656, org.springframework.boot.test.autoconfigure.web.client.MockRestServiceServerResetTestExecutionListener@1117cc7c, org.springframework.boot.test.autoconfigure.web.servlet.MockMvcPrintOnlyOnFailureTestExecutionListener@4797023d, org.springframework.boot.test.autoconfigure.web.servlet.WebDriverTestExecutionListener@55cc4c61, org.springframework.boot.test.autoconfigure.webservices.client.MockWebServiceServerTestExecutionListener@2b06f498]
2023-01-18 09:58:15.142  INFO 46049 --- [main] k.co.ch10.controller.MainControllerTest  : Starting MainControllerTest using Java 11.0.16 on iwonjeong-ui-MacBookPro.local with PID 46049 (started by iilhwan in /Users/iilhwan/Desktop/Workspace/SpringBoot/Ch10)
2023-01-18 09:58:15.143  INFO 46049 --- [main] k.co.ch10.controller.MainControllerTest  : No active profile set, falling back to 1 default profile: "default"
2023-01-18 09:58:15.500  INFO 46049 --- [main] o.s.b.a.w.s.WelcomePageHandlerMapping    : Adding welcome page template: index
2023-01-18 09:58:15.715  INFO 46049 --- [main] o.s.b.t.m.w.SpringBootMockServletContext : Initializing Spring TestDispatcherServlet ''
2023-01-18 09:58:15.716  INFO 46049 --- [main] o.s.t.web.servlet.TestDispatcherServlet  : Initializing Servlet ''
2023-01-18 09:58:15.718  INFO 46049 --- [main] o.s.t.web.servlet.TestDispatcherServlet  : Completed initialization in 2 ms
2023-01-18 09:58:15.740  INFO 46049 --- [main] k.co.ch10.controller.MainControllerTest  : Started MainControllerTest in 0.676 seconds (JVM running for 9.98)
2023-01-18 09:58:15.752  INFO 46049 --- [main] k.co.ch10.controller.MainControllerTest  : index...
2023-01-18 09:58:15.769  INFO 46049 --- [main] .b.t.c.SpringBootTestContextBootstrapper : Neither @ContextConfiguration nor @ContextHierarchy found for test class [kr.co.ch10.controller.SubControllerTest], using SpringBootContextLoader
2023-01-18 09:58:15.770  INFO 46049 --- [main] o.s.t.c.support.AbstractContextLoader    : Could not detect default resource locations for test class [kr.co.ch10.controller.SubControllerTest]: no resource found for suffixes {-context.xml, Context.groovy}.
2023-01-18 09:58:15.771  INFO 46049 --- [main] t.c.s.AnnotationConfigContextLoaderUtils : Could not detect default configuration classes for test class [kr.co.ch10.controller.SubControllerTest]: SubControllerTest does not declare any static, non-private, non-final, nested classes annotated with @Configuration.
2023-01-18 09:58:15.774  INFO 46049 --- [main] .b.t.c.SpringBootTestContextBootstrapper : Found @SpringBootConfiguration kr.co.ch10.Ch10Application for test class kr.co.ch10.controller.SubControllerTest
2023-01-18 09:58:15.783  INFO 46049 --- [main] .b.t.c.SpringBootTestContextBootstrapper : Loaded default TestExecutionListener class names from location [META-INF/spring.factories]: [org.springframework.boot.test.mock.mockito.MockitoTestExecutionListener, org.springframework.boot.test.mock.mockito.ResetMocksTestExecutionListener, org.springframework.boot.test.autoconfigure.restdocs.RestDocsTestExecutionListener, org.springframework.boot.test.autoconfigure.web.client.MockRestServiceServerResetTestExecutionListener, org.springframework.boot.test.autoconfigure.web.servlet.MockMvcPrintOnlyOnFailureTestExecutionListener, org.springframework.boot.test.autoconfigure.web.servlet.WebDriverTestExecutionListener, org.springframework.boot.test.autoconfigure.webservices.client.MockWebServiceServerTestExecutionListener, org.springframework.test.context.web.ServletTestExecutionListener, org.springframework.test.context.support.DirtiesContextBeforeModesTestExecutionListener, org.springframework.test.context.event.ApplicationEventsTestExecutionListener, org.springframework.test.context.support.DependencyInjectionTestExecutionListener, org.springframework.test.context.support.DirtiesContextTestExecutionListener, org.springframework.test.context.transaction.TransactionalTestExecutionListener, org.springframework.test.context.jdbc.SqlScriptsTestExecutionListener, org.springframework.test.context.event.EventPublishingTestExecutionListener]
2023-01-18 09:58:15.784  INFO 46049 --- [main] .b.t.c.SpringBootTestContextBootstrapper : Using TestExecutionListeners: [org.springframework.test.context.web.ServletTestExecutionListener@4d4bac56, org.springframework.test.context.support.DirtiesContextBeforeModesTestExecutionListener@76980c75, org.springframework.test.context.event.ApplicationEventsTestExecutionListener@3696d12d, org.springframework.boot.test.mock.mockito.MockitoTestExecutionListener@656672fb, org.springframework.boot.test.autoconfigure.SpringBootDependencyInjectionTestExecutionListener@75df4b1d, org.springframework.test.context.support.DirtiesContextTestExecutionListener@43120a77, org.springframework.test.context.transaction.TransactionalTestExecutionListener@430db481, org.springframework.test.context.jdbc.SqlScriptsTestExecutionListener@15aaf7b1, org.springframework.test.context.event.EventPublishingTestExecutionListener@1a22c1ba, org.springframework.boot.test.mock.mockito.ResetMocksTestExecutionListener@4930213b, org.springframework.boot.test.autoconfigure.restdocs.RestDocsTestExecutionListener@67372d20, org.springframework.boot.test.autoconfigure.web.client.MockRestServiceServerResetTestExecutionListener@25e24908, org.springframework.boot.test.autoconfigure.web.servlet.MockMvcPrintOnlyOnFailureTestExecutionListener@2941631f, org.springframework.boot.test.autoconfigure.web.servlet.WebDriverTestExecutionListener@6130a6f5, org.springframework.boot.test.autoconfigure.webservices.client.MockWebServiceServerTestExecutionListener@3fb0d9de]
2023-01-18 09:58:15.839  INFO 46049 --- [SpringApplicationShutdownHook] j.LocalContainerEntityManagerFactoryBean : Closing JPA EntityManagerFactory for persistence unit 'default'
2023-01-18 09:58:15.850  INFO 46049 --- [SpringApplicationShutdownHook] com.zaxxer.hikari.HikariDataSource       : HikariPool-1 - Shutdown initiated...
2023-01-18 09:58:15.877  INFO 46049 --- [SpringApplicationShutdownHook] com.zaxxer.hikari.HikariDataSource       : HikariPool-1 - Shutdown completed.
2023-01-18 10:29:09.574  INFO 46316 --- [restartedMain] kr.co.ch10.Ch10Application               : Starting Ch10Application using Java 11.0.16 on iwonjeong-ui-MacBookPro.local with PID 46316 (/Users/iilhwan/Desktop/Workspace/SpringBoot/Ch10/target/classes started by iilhwan in /Users/iilhwan/Desktop/Workspace/SpringBoot/Ch10)
2023-01-18 10:29:09.586  INFO 46316 --- [restartedMain] kr.co.ch10.Ch10Application               : No active profile set, falling back to 1 default profile: "default"
2023-01-18 10:29:09.672  INFO 46316 --- [restartedMain] .e.DevToolsPropertyDefaultsPostProcessor : Devtools property defaults active! Set 'spring.devtools.add-properties' to 'false' to disable
2023-01-18 10:29:09.673  INFO 46316 --- [restartedMain] .e.DevToolsPropertyDefaultsPostProcessor : For additional web related logging consider setting the 'logging.level.web' property to 'DEBUG'
2023-01-18 10:29:10.540  INFO 46316 --- [restartedMain] .s.d.r.c.RepositoryConfigurationDelegate : Bootstrapping Spring Data JPA repositories in DEFAULT mode.
2023-01-18 10:29:10.561  INFO 46316 --- [restartedMain] .s.d.r.c.RepositoryConfigurationDelegate : Finished Spring Data repository scanning in 6 ms. Found 0 JPA repository interfaces.
2023-01-18 10:29:11.272  INFO 46316 --- [restartedMain] o.s.b.w.embedded.tomcat.TomcatWebServer  : Tomcat initialized with port(s): 8080 (http)
2023-01-18 10:29:11.289  INFO 46316 --- [restartedMain] o.apache.catalina.core.StandardService   : Starting service [Tomcat]
2023-01-18 10:29:11.289  INFO 46316 --- [restartedMain] org.apache.catalina.core.StandardEngine  : Starting Servlet engine: [Apache Tomcat/9.0.70]
2023-01-18 10:29:11.375  INFO 46316 --- [restartedMain] o.a.c.c.C.[Tomcat].[localhost].[/Ch10]   : Initializing Spring embedded WebApplicationContext
2023-01-18 10:29:11.376  INFO 46316 --- [restartedMain] w.s.c.ServletWebServerApplicationContext : Root WebApplicationContext: initialization completed in 1702 ms
2023-01-18 10:29:11.589  INFO 46316 --- [restartedMain] o.hibernate.jpa.internal.util.LogHelper  : HHH000204: Processing PersistenceUnitInfo [name: default]
2023-01-18 10:29:11.650  INFO 46316 --- [restartedMain] org.hibernate.Version                    : HHH000412: Hibernate ORM core version 5.6.14.Final
2023-01-18 10:29:11.843  INFO 46316 --- [restartedMain] o.hibernate.annotations.common.Version   : HCANN000001: Hibernate Commons Annotations {5.1.2.Final}
2023-01-18 10:29:11.981  INFO 46316 --- [restartedMain] com.zaxxer.hikari.HikariDataSource       : HikariPool-1 - Starting...
2023-01-18 10:29:12.352  INFO 46316 --- [restartedMain] com.zaxxer.hikari.HikariDataSource       : HikariPool-1 - Start completed.
2023-01-18 10:29:12.372  INFO 46316 --- [restartedMain] org.hibernate.dialect.Dialect            : HHH000400: Using dialect: org.hibernate.dialect.MySQL57Dialect
2023-01-18 10:29:12.702  INFO 46316 --- [restartedMain] o.h.e.t.j.p.i.JtaPlatformInitiator       : HHH000490: Using JtaPlatform implementation: [org.hibernate.engine.transaction.jta.platform.internal.NoJtaPlatform]
2023-01-18 10:29:12.718  INFO 46316 --- [restartedMain] j.LocalContainerEntityManagerFactoryBean : Initialized JPA EntityManagerFactory for persistence unit 'default'
2023-01-18 10:29:12.780  WARN 46316 --- [restartedMain] JpaBaseConfiguration$JpaWebConfiguration : spring.jpa.open-in-view is enabled by default. Therefore, database queries may be performed during view rendering. Explicitly configure spring.jpa.open-in-view to disable this warning
2023-01-18 10:29:12.957  INFO 46316 --- [restartedMain] o.s.b.a.w.s.WelcomePageHandlerMapping    : Adding welcome page template: index
2023-01-18 10:29:13.418  INFO 46316 --- [restartedMain] o.s.b.d.a.OptionalLiveReloadServer       : LiveReload server is running on port 35729
2023-01-18 10:29:13.489  INFO 46316 --- [restartedMain] o.s.b.w.embedded.tomcat.TomcatWebServer  : Tomcat started on port(s): 8080 (http) with context path '/Ch10'
2023-01-18 10:29:13.507  INFO 46316 --- [restartedMain] kr.co.ch10.Ch10Application               : Started Ch10Application in 4.394 seconds (JVM running for 5.453)
2023-01-18 10:37:57.154  INFO 46316 --- [RMI TCP Connection(12)-127.0.0.1] inMXBeanRegistrar$SpringApplicationAdmin : Application shutdown requested.
2023-01-18 10:37:57.172  INFO 46316 --- [RMI TCP Connection(12)-127.0.0.1] o.apache.catalina.core.StandardService   : Stopping service [Tomcat]
2023-01-18 10:37:57.194  INFO 46316 --- [RMI TCP Connection(12)-127.0.0.1] j.LocalContainerEntityManagerFactoryBean : Closing JPA EntityManagerFactory for persistence unit 'default'
2023-01-18 10:37:57.200  INFO 46316 --- [RMI TCP Connection(12)-127.0.0.1] com.zaxxer.hikari.HikariDataSource       : HikariPool-1 - Shutdown initiated...
2023-01-18 10:37:57.216  INFO 46316 --- [RMI TCP Connection(12)-127.0.0.1] com.zaxxer.hikari.HikariDataSource       : HikariPool-1 - Shutdown completed.
